Build started 12/1/2016 11:04:53 AM.
     1>Project "C:\Users\Maxoto\documents\visual studio 2010\Projects\Sikantin\Sikantin\Sikantin.vcxproj" on node 2 (build target(s)).
     1>InitializeBuildStatus:
         Creating "Debug\Sikantin.unsuccessfulbuild" because "AlwaysCreate" was specified.
       GenerateTargetFrameworkMonikerAttribute:
       Skipping target "GenerateTargetFrameworkMonikerAttribute" because all output files are up-to-date with respect to the input files.
       ClCompile:
         All outputs are up-to-date.
         C:\Program Files (x86)\Microsoft Visual Studio 10.0\VC\bin\CL.exe /c /AI"C:\Program Files (x86)\Reference Assemblies\Microsoft\Framework\.NETFramework\v4.0" /Zi /clr:pure /nologo /W3 /WX- /Od /Oy- /D WIN32 /D _DEBUG /D _UNICODE /D UNICODE /EHa /MDd /GS /fp:precise /Zc:wchar_t /Zc:forScope /Yu"StdAfx.h" /Fp"Debug\Sikantin.pch" /Fo"Debug\\" /Fd"Debug\vc100.pdb" /TP /FU"C:\Program Files (x86)\MySQL\MySQL Connector Net 6.9.9\Assemblies\v4.0\MySql.Data.dll" /FU"C:\Program Files (x86)\Reference Assemblies\Microsoft\Framework\.NETFramework\v4.0\System.Core.dll" /FU"C:\Program Files (x86)\Reference Assemblies\Microsoft\Framework\.NETFramework\v4.0\System.Data.dll" /FU"C:\Program Files (x86)\Reference Assemblies\Microsoft\Framework\.NETFramework\v4.0\System.dll" /FU"C:\Program Files (x86)\Reference Assemblies\Microsoft\Framework\.NETFramework\v4.0\System.Drawing.dll" /FU"C:\Program Files (x86)\Reference Assemblies\Microsoft\Framework\.NETFramework\v4.0\System.Windows.Forms.dll" /FU"C:\Program Files (x86)\Reference Assemblies\Microsoft\Framework\.NETFramework\v4.0\System.Xml.dll" /analyze- /errorReport:prompt FUser.cpp Form1.cpp Sikantin.cpp /clr:nostdlib 
         FUser.cpp
         Form1.cpp
         Sikantin.cpp
         Generating Code...
         All outputs are up-to-date.
       CoreResGen:
         No resources are out of date with respect to their source files. Skipping resource generation.
       ResourceCompile:
         All outputs are up-to-date.
       Link:
         C:\Program Files (x86)\Microsoft Visual Studio 10.0\VC\bin\link.exe /ERRORREPORT:PROMPT /OUT:"C:\Users\Maxoto\documents\visual studio 2010\Projects\Sikantin\Debug\Sikantin.exe" /INCREMENTAL /NOLOGO /ASSEMBLYRESOURCE:Debug\Sikantin.FUser.resources /ASSEMBLYRESOURCE:Debug\Sikantin.Login.resources /ASSEMBLYRESOURCE:Debug\Sikantin.FDaftar.resources /ASSEMBLYRESOURCE:Debug\Sikantin.FMenu.resources /MANIFEST /ManifestFile:"Debug\Sikantin.exe.intermediate.manifest" /MANIFESTUAC:"level='asInvoker' uiAccess='false'" /DEBUG /PDB:"C:\Users\Maxoto\documents\visual studio 2010\Projects\Sikantin\Debug\Sikantin.pdb" /ASSEMBLYDEBUG /SUBSYSTEM:WINDOWS /TLBID:1 /ENTRY:"main" /DYNAMICBASE /FIXED:NO /NXCOMPAT /MACHINE:X86 Debug\app.res
         Debug\AssemblyInfo.obj
         Debug\Form1.obj
         Debug\Form2.obj
         Debug\Form3.obj
         Debug\FUser.obj
         Debug\Sikantin.obj
         Debug\stdafx.obj
         "Debug\.NETFramework,Version=v4.0.AssemblyAttributes.obj"
         Sikantin.vcxproj -> C:\Users\Maxoto\documents\visual studio 2010\Projects\Sikantin\Debug\Sikantin.exe
       Manifest:
         C:\Program Files (x86)\Microsoft SDKs\Windows\v7.0A\bin\mt.exe /nologo /verbose /outputresource:"C:\Users\Maxoto\documents\visual studio 2010\Projects\Sikantin\Debug\Sikantin.exe;#1" /manifest Debug\Sikantin.exe.intermediate.manifest
       FinalizeBuildStatus:
         Deleting file "Debug\Sikantin.unsuccessfulbuild".
         Touching "Debug\Sikantin.lastbuildstate".
     1>Done Building Project "C:\Users\Maxoto\documents\visual studio 2010\Projects\Sikantin\Sikantin\Sikantin.vcxproj" (build target(s)).

Build succeeded.

Time Elapsed 00:00:02.01
