C:\USERS\MAXOTO\DOCUMENTS\VISUAL STUDIO 2010\PROJECTS\SIKANTIN\DEBUG\SIKANTIN.EXE
C:\USERS\MAXOTO\DOCUMENTS\VISUAL STUDIO 2010\PROJECTS\SIKANTIN\DEBUG\SIKANTIN.ILK
C:\USERS\MAXOTO\DOCUMENTS\VISUAL STUDIO 2010\PROJECTS\SIKANTIN\DEBUG\SIKANTIN.PDB
C:\USERS\MAXOTO\DOCUMENTS\VISUAL STUDIO 2010\PROJECTS\SIKANTIN\SIKANTIN\DEBUG\.NETFRAMEWORK,VERSION=V4.0.ASSEMBLYATTRIBUTES.OBJ
C:\USERS\MAXOTO\DOCUMENTS\VISUAL STUDIO 2010\PROJECTS\SIKANTIN\SIKANTIN\DEBUG\APP.RES
C:\USERS\MAXOTO\DOCUMENTS\VISUAL STUDIO 2010\PROJECTS\SIKANTIN\SIKANTIN\DEBUG\ASSEMBLYINFO.OBJ
C:\Users\Maxoto\documents\visual studio 2010\Projects\Sikantin\Sikantin\Debug\cl.command.1.tlog
C:\Users\Maxoto\documents\visual studio 2010\Projects\Sikantin\Sikantin\Debug\CL.read.1.tlog
C:\Users\Maxoto\documents\visual studio 2010\Projects\Sikantin\Sikantin\Debug\CL.write.1.tlog
C:\USERS\MAXOTO\DOCUMENTS\VISUAL STUDIO 2010\PROJECTS\SIKANTIN\SIKANTIN\DEBUG\FORM1.OBJ
C:\USERS\MAXOTO\DOCUMENTS\VISUAL STUDIO 2010\PROJECTS\SIKANTIN\SIKANTIN\DEBUG\FORM2.OBJ
C:\Users\Maxoto\documents\visual studio 2010\Projects\Sikantin\Sikantin\Debug\link.1564.read.1.tlog
C:\Users\Maxoto\documents\visual studio 2010\Projects\Sikantin\Sikantin\Debug\link.1564.write.1.tlog
C:\Users\Maxoto\documents\visual studio 2010\Projects\Sikantin\Sikantin\Debug\link.1564-cvtres.read.1.tlog
C:\Users\Maxoto\documents\visual studio 2010\Projects\Sikantin\Sikantin\Debug\link.1564-cvtres.write.1.tlog
C:\Users\Maxoto\documents\visual studio 2010\Projects\Sikantin\Sikantin\Debug\link.5484.read.1.tlog
C:\Users\Maxoto\documents\visual studio 2010\Projects\Sikantin\Sikantin\Debug\link.5484.write.1.tlog
C:\Users\Maxoto\documents\visual studio 2010\Projects\Sikantin\Sikantin\Debug\link.5484-cvtres.read.1.tlog
C:\Users\Maxoto\documents\visual studio 2010\Projects\Sikantin\Sikantin\Debug\link.5484-cvtres.write.1.tlog
C:\Users\Maxoto\documents\visual studio 2010\Projects\Sikantin\Sikantin\Debug\link.command.1.tlog
C:\Users\Maxoto\documents\visual studio 2010\Projects\Sikantin\Sikantin\Debug\link.read.1.tlog
C:\Users\Maxoto\documents\visual studio 2010\Projects\Sikantin\Sikantin\Debug\link.write.1.tlog
C:\Users\Maxoto\documents\visual studio 2010\Projects\Sikantin\Sikantin\Debug\mt.command.1.tlog
C:\Users\Maxoto\documents\visual studio 2010\Projects\Sikantin\Sikantin\Debug\mt.read.1.tlog
C:\Users\Maxoto\documents\visual studio 2010\Projects\Sikantin\Sikantin\Debug\mt.write.1.tlog
C:\Users\Maxoto\documents\visual studio 2010\Projects\Sikantin\Sikantin\Debug\rc.command.1.tlog
C:\Users\Maxoto\documents\visual studio 2010\Projects\Sikantin\Sikantin\Debug\rc.read.1.tlog
C:\Users\Maxoto\documents\visual studio 2010\Projects\Sikantin\Sikantin\Debug\rc.write.1.tlog
C:\USERS\MAXOTO\DOCUMENTS\VISUAL STUDIO 2010\PROJECTS\SIKANTIN\SIKANTIN\DEBUG\SIKANTIN.EXE.INTERMEDIATE.MANIFEST
C:\Users\Maxoto\documents\visual studio 2010\Projects\Sikantin\Sikantin\Debug\Sikantin.Form1.resources
C:\Users\Maxoto\documents\visual studio 2010\Projects\Sikantin\Sikantin\Debug\Sikantin.Form2.resources
C:\USERS\MAXOTO\DOCUMENTS\VISUAL STUDIO 2010\PROJECTS\SIKANTIN\SIKANTIN\DEBUG\SIKANTIN.OBJ
C:\USERS\MAXOTO\DOCUMENTS\VISUAL STUDIO 2010\PROJECTS\SIKANTIN\SIKANTIN\DEBUG\SIKANTIN.PCH
C:\Users\Maxoto\documents\visual studio 2010\Projects\Sikantin\Sikantin\Debug\Sikantin.vcxproj.GenerateResource.Cache
C:\Users\Maxoto\documents\visual studio 2010\Projects\Sikantin\Sikantin\Debug\Sikantin.write.1.tlog
C:\USERS\MAXOTO\DOCUMENTS\VISUAL STUDIO 2010\PROJECTS\SIKANTIN\SIKANTIN\DEBUG\STDAFX.OBJ
C:\USERS\MAXOTO\DOCUMENTS\VISUAL STUDIO 2010\PROJECTS\SIKANTIN\SIKANTIN\DEBUG\VC100.PDB
